TN:
SF:src/app/app.component.ts
FNF:0
FNH:0
DA:13,1
LF:1
LH:1
BRF:0
BRH:0
end_of_record
TN:
SF:src/app/modules/auth/login/pages/login/login.component.ts
FNF:0
FNH:0
DA:14,1
LF:1
LH:1
BRF:0
BRH:0
end_of_record
TN:
SF:src/app/modules/auth/login/pages/login-country-selection/login-country-selection.component.ts
FN:15,(anonymous_0)
FN:18,(anonymous_1)
FNF:2
FNH:1
FNDA:2,(anonymous_0)
FNDA:0,(anonymous_1)
DA:10,1
LF:1
LH:1
BRF:0
BRH:0
end_of_record
TN:
SF:src/app/modules/auth/login/pages/login-header/login-header.component.ts
FN:10,(anonymous_0)
FN:14,(anonymous_1)
FNF:2
FNH:1
FNDA:2,(anonymous_0)
FNDA:0,(anonymous_1)
DA:10,1
DA:11,2
LF:2
LH:2
BRF:0
BRH:0
end_of_record
TN:
SF:src/app/modules/auth/login/pages/login-nav/login-nav.component.ts
FN:13,(anonymous_0)
FNF:1
FNH:0
FNDA:0,(anonymous_0)
DA:10,1
LF:1
LH:1
BRF:0
BRH:0
end_of_record
TN:
SF:src/app/modules/shared/models/nameof.ts
FN:3,nameof
FNF:1
FNH:1
FNDA:2,nameof
DA:4,2
DA:7,2
DA:8,2
DA:9,2
DA:10,2
DA:11,2
DA:12,2
DA:15,0
DA:16,0
DA:17,0
DA:20,0
DA:21,0
DA:22,0
DA:25,0
DA:29,0
DA:30,0
DA:31,0
DA:32,0
DA:33,0
DA:34,0
DA:38,0
DA:39,0
DA:40,0
DA:41,0
DA:42,0
DA:43,0
DA:46,0
DA:47,0
DA:48,0
DA:53,0
LF:30
LH:7
BRDA:8,0,0,2
BRDA:9,1,0,2
BRDA:9,1,1,0
BRDA:11,2,0,2
BRDA:16,3,0,0
BRDA:21,4,0,0
BRDA:31,5,0,0
BRDA:33,6,0,0
BRDA:40,7,0,0
BRDA:42,8,0,0
BRDA:47,9,0,0
BRF:11
BRH:3
end_of_record
TN:
SF:src/app/modules/shared/pipes/camel-case.pipe.ts
FN:8,(anonymous_0)
FN:14,(anonymous_1)
FNF:2
FNH:2
FNDA:7,(anonymous_0)
FNDA:5,(anonymous_1)
DA:6,1
DA:9,7
DA:10,0
DA:14,7
DA:15,7
LF:5
LH:4
BRDA:9,0,0,0
BRDA:9,1,0,7
BRDA:9,1,1,7
BRDA:14,2,0,5
BRDA:14,2,1,0
BRF:5
BRH:3
end_of_record
TN:
SF:src/app/modules/shared/pipes/sentence-join.pipe.ts
FN:8,(anonymous_0)
FNF:1
FNH:1
FNDA:5,(anonymous_0)
DA:6,1
DA:10,5
DA:11,1
DA:16,4
DA:17,1
DA:18,3
DA:19,3
DA:22,4
LF:8
LH:8
BRDA:10,0,0,1
BRDA:10,1,0,5
BRDA:10,1,1,4
BRDA:16,2,0,1
BRDA:16,2,1,3
BRDA:18,3,0,3
BRF:6
BRH:6
end_of_record
